twinshot_android/app/build/intermediates/manifest_merge_blame_file/release/manifest-merger-blame-release-report.txt
1<?xml version="1.0" encoding="utf-8"?>
2<manifest xmlns:android="http://schemas.android.com/apk/res/android"
3    package="tw.edu.ntut.csie.game"
4    android:versionCode="1"
5    android:versionName="1.0" >
6
7    <uses-sdk
8        android:minSdkVersion="15"
8-->src\main\AndroidManifest.xml
9        android:targetSdkVersion="30" />
9-->src\main\AndroidManifest.xml
10
11    <application
11-->src\main\AndroidManifest.xml:5:5-19:19
12        android:allowBackup="true"
12-->src\main\AndroidManifest.xml:6:9-35
13        android:hardwareAccelerated="true"
13-->src\main\AndroidManifest.xml:7:9-43
14        android:icon="@drawable/icon"
14-->src\main\AndroidManifest.xml:8:9-38
15        android:label="@string/app_name" >
15-->src\main\AndroidManifest.xml:9:9-41
16        <activity
16-->src\main\AndroidManifest.xml:10:9-18:20
17            android:name="tw.edu.ntut.csie.game.Game"
17-->src\main\AndroidManifest.xml:10:19-39
18            android:hardwareAccelerated="true"
18-->src\main\AndroidManifest.xml:13:13-47
19            android:label="@string/app_name"
19-->src\main\AndroidManifest.xml:11:13-45
20            android:screenOrientation="landscape" >
20-->src\main\AndroidManifest.xml:12:13-50
21            <intent-filter>
21-->src\main\AndroidManifest.xml:14:13-17:29
22                <action android:name="android.intent.action.MAIN" />
22-->src\main\AndroidManifest.xml:15:17-69
22-->src\main\AndroidManifest.xml:15:25-66
23
24                <category android:name="android.intent.category.LAUNCHER" />
24-->src\main\AndroidManifest.xml:16:17-77
24-->src\main\AndroidManifest.xml:16:27-74
25            </intent-filter>
26        </activity>
27    </application>
28
29</manifest>